Build started 3/17/2016 6:36:18 PM.
     1>Project "C:\Users\sreeves\Desktop\Duncan\Code\Zipped_temp\secondSem_project2-master\secondSem_project2.vcxproj" on node 2 (Build target(s)).
     1>ClCompile:
         C:\Program Files (x86)\Microsoft Visual Studio 14.0\VC\bin\CL.exe /c /ZI /nologo /W3 /WX- /sdl /Od /Oy- /D WIN32 /D _DEBUG /D _CONSOLE /D _UNICODE /D UNICODE /Gm /EHsc /RTC1 /MDd /GS /fp:precise /Zc:wchar_t /Zc:forScope /Zc:inline /Yc"stdafx.h" /Fp"Debug\secondSem_project2.pch" /Fo"Debug\\" /Fd"Debug\vc140.pdb" /Gd /TP /analyze- /errorReport:prompt stdafx.cpp
         stdafx.cpp
         C:\Program Files (x86)\Microsoft Visual Studio 14.0\VC\bin\CL.exe /c /ZI /nologo /W3 /WX- /sdl /Od /Oy- /D WIN32 /D _DEBUG /D _CONSOLE /D _UNICODE /D UNICODE /Gm /EHsc /RTC1 /MDd /GS /fp:precise /Zc:wchar_t /Zc:forScope /Zc:inline /Yu"stdafx.h" /Fp"Debug\secondSem_project2.pch" /Fo"Debug\\" /Fd"Debug\vc140.pdb" /Gd /TP /analyze- /errorReport:prompt Author.cpp Book.cpp driver.cpp secondSem_project2.cpp
         secondSem_project2.cpp
         driver.cpp
         Book.cpp
         Author.cpp
         Generating Code...
       Link:
         C:\Program Files (x86)\Microsoft Visual Studio 14.0\VC\bin\link.exe /ERRORREPORT:PROMPT /OUT:"C:\Users\sreeves\Desktop\Duncan\Code\Zipped_temp\secondSem_project2-master\Debug\secondSem_project2.exe" /INCREMENTAL /NOLOGO kernel32.lib user32.lib gdi32.lib winspool.lib comdlg32.lib advapi32.lib shell32.lib ole32.lib oleaut32.lib uuid.lib odbc32.lib odbccp32.lib /MANIFEST /MANIFESTUAC:"level='asInvoker' uiAccess='false'" /manifest:embed /Debug /PDB:"C:\Users\sreeves\Desktop\Duncan\Code\Zipped_temp\secondSem_project2-master\Debug\secondSem_project2.pdb" /SUBSYSTEM:CONSOLE /TLBID:1 /DYNAMICBASE /NXCOMPAT /IMPLIB:"C:\Users\sreeves\Desktop\Duncan\Code\Zipped_temp\secondSem_project2-master\Debug\secondSem_project2.lib" /MACHINE:X86 Debug\Author.obj
         Debug\Book.obj
         Debug\driver.obj
         Debug\secondSem_project2.obj
         Debug\stdafx.obj
     1>driver.obj : error LNK2019: unresolved external symbol "public: class std::basic_ofstream<char,struct std::char_traits<char> > __thiscall Book::writeDataB(class std::basic_ofstream<char,struct std::char_traits<char> > &)" (?writeDataB@Book@@QAE?AV?$basic_ofstream@DU?$char_traits@D@std@@@std@@AAV23@@Z) referenced in function "void __cdecl createTestFile(void)" (?createTestFile@@YAXXZ)
     1>C:\Users\sreeves\Desktop\Duncan\Code\Zipped_temp\secondSem_project2-master\Debug\secondSem_project2.exe : fatal error LNK1120: 1 unresolved externals
     1>Done Building Project "C:\Users\sreeves\Desktop\Duncan\Code\Zipped_temp\secondSem_project2-master\secondSem_project2.vcxproj" (Build target(s)) -- FAILED.

Build FAILED.

Time Elapsed 00:00:03.64
